#-----------------------------------------------------------
# Vivado v2017.2 (64-bit)
# SW Build 1909853 on Thu Jun 15 18:39:09 MDT 2017
# IP Build 1909766 on Thu Jun 15 19:58:00 MDT 2017
# Start of session at: Wed Apr 10 13:26:52 2019
# Process ID: 12448
# Current directory: T:/Lab3_part3
# Command line: vivado.exe -gui_launcher_event rodinguilauncherevent12040 T:\Lab3_part3\Lab3_part3.xpr
# Log file: T:/Lab3_part3/vivado.log
# Journal file: T:/Lab3_part3\vivado.jou
#-----------------------------------------------------------
start_gui
open_project T:/Lab3_part3/Lab3_part3.xpr
Scanning sources...
Finished scanning sources
INFO: [Project 1-230] Project 'Lab3_part3.xpr' upgraded for this version of Vivado.
INFO: [IP_Flow 19-234] Refreshing IP repositories
INFO: [IP_Flow 19-1704] No user IP repositories specified
INFO: [IP_Flow 19-2313] Loaded Vivado IP repository 'C:/Xilinx/Vivado/2017.2/data/ip'.
update_compile_order -fileset sources_1
close [ open T:/Lab3_part3/Lab3_part3.srcs/sources_1/new/calculator.vhd w ]
add_files T:/Lab3_part3/Lab3_part3.srcs/sources_1/new/calculator.vhd
update_compile_order -fileset sources_1
close [ open T:/Lab3_part3/Lab3_part3.srcs/sources_1/new/fsm.vhd w ]
add_files T:/Lab3_part3/Lab3_part3.srcs/sources_1/new/fsm.vhd
update_compile_order -fileset sources_1
close [ open T:/Lab3_part3/Lab3_part3.srcs/sources_1/new/mux.vhd w ]
add_files T:/Lab3_part3/Lab3_part3.srcs/sources_1/new/mux.vhd
update_compile_order -fileset sources_1
close [ open T:/Lab3_part3/Lab3_part3.srcs/sources_1/new/displayer.vhd w ]
add_files T:/Lab3_part3/Lab3_part3.srcs/sources_1/new/displayer.vhd
update_compile_order -fileset sources_1
close [ open T:/Lab3_part3/Lab3_part3.srcs/sources_1/new/top.vhd w ]
add_files T:/Lab3_part3/Lab3_part3.srcs/sources_1/new/top.vhd
update_compile_order -fileset sources_1
exit
INFO: [Common 17-206] Exiting Vivado at Wed Apr 10 18:32:28 2019...
