Vivado Simulator 2017.2
Copyright 1986-1999, 2001-2016 Xilinx, Inc. All Rights Reserved.
Running: C:/Xilinx/Vivado/2017.2/bin/unwrapped/win64.o/xelab.exe -wto 62c0be138e51452cb0a66bba30e1b646 --debug typical --relax --mt 2 -L xil_defaultlib -L unisims_ver -L unimacro_ver -L secureip --snapshot TOP_tb_behav xil_defaultlib.TOP_tb xil_defaultlib.glbl -log elaborate.log 
Using 2 slave threads.
Starting static elaboration
Completed static elaboration
Starting simulation data flow analysis
Completed simulation data flow analysis
Time Resolution for simulation is 1ps
Compiling module xil_defaultlib.MB
Compiling module xil_defaultlib.MA
Compiling module xil_defaultlib.MUXB
Compiling module xil_defaultlib.ADDER
Compiling module xil_defaultlib.PROD
Compiling module xil_defaultlib.MULT
Compiling module xil_defaultlib.FSM
Compiling module xil_defaultlib.TOP
Compiling module xil_defaultlib.TOP_tb
Compiling module xil_defaultlib.glbl
Built simulation snapshot TOP_tb_behav
