#-----------------------------------------------------------
# Vivado v2016.2 (64-bit)
# SW Build 1577090 on Thu Jun  2 16:32:40 MDT 2016
# IP Build 1577682 on Fri Jun  3 12:00:54 MDT 2016
# Start of session at: Sun Mar 31 19:48:04 2019
# Process ID: 24916
# Current directory: T:/Lab3_part2_ALT
# Command line: vivado.exe -gui_launcher_event rodinguilauncherevent6044 T:\Lab3_part2_ALT\Lab3_part2_ALT.xpr
# Log file: T:/Lab3_part2_ALT/vivado.log
# Journal file: T:/Lab3_part2_ALT\vivado.jou
#-----------------------------------------------------------
start_gui
open_project T:/Lab3_part2_ALT/Lab3_part2_ALT.xpr
Scanning sources...
Finished scanning sources
INFO: [IP_Flow 19-234] Refreshing IP repositories
INFO: [IP_Flow 19-1704] No user IP repositories specified
INFO: [IP_Flow 19-2313] Loaded Vivado IP repository 'C:/Xilinx/Vivado/2016.2/data/ip'.
open_project: Time (s): cpu = 00:00:17 ; elapsed = 00:00:06 . Memory (MB): peak = 840.379 ; gain = 139.957
update_compile_order -fileset sources_1
close [ open T:/Lab3_part2_ALT/Lab3_part2_ALT.srcs/sources_1/new/FSM.vhd w ]
add_files T:/Lab3_part2_ALT/Lab3_part2_ALT.srcs/sources_1/new/FSM.vhd
update_compile_order -fileset sources_1
exit
INFO: [Common 17-206] Exiting Vivado at Sun Mar 31 20:49:34 2019...
