Unable to capture context for thread 7884 in process 8616, can not generate back trace
Unable to capture context for thread 3640 in process 8616, can not generate back trace
Unable to capture context for thread 7816 in process 8616, can not generate back trace
Exception at PC 0x00007FFF28C9BB93
Printing stacktrace...

[0]  [0x00007FFF28C9BB93]
[1]  [0x00007FFF28C9BB93]
[2]  [0x00007FFF28C9B4A1]
[3]  [0x00007FFF28C9B3EF]
[4]  [0x00007FFF28C819FE]
[5]  [0x00007FFF28C80ED1]
[6]  [0x00007FFF28C80D76]
[7]  [0x00007FFF28C279F6]
[8]  [0x00007FFF28C17AFB]
[9]  [0x00007FFF28D3E90A]
[10]  [0x00007FFF28D59F87]
[11]  [0x00007FFF28D5A05F]
[12] (BaseThreadInitThunk+0x14) [0x00007FFF978F2784]
[13] (RtlUserThreadStart+0x21) [0x00007FFF99E20C51]
Done
Exception at PC 0x00007FFF289A1A52
Attemped to write at address 0x00007FFF7358ABA4
Printing stacktrace...

[0]  [0x00007FFF289A1A52]
[1]  [0x00007FFF289A1A52]
[2]  [0x00007FFF289A1AD4]
[3]  [0x00007FFF28AE3FF7]
[4]  [0x00007FFF289C9128]
[5]  [0x00007FFF28C7DFB9]
[6]  [0x00007FFF28E4EF23]
[7]  [0x00007FFF28D5B06B]
[8]  [0x00007FFF28D508AF]
[9]  [0x00007FFF28D50A32]
[10] (RtlDeactivateActivationContextUnsafeFast+0x1af) [0x00007FFF99E13CFF]
[11] (LdrShutdownProcess+0x12c) [0x00007FFF99E3FB4C]
[12] (RtlExitUserProcess+0xb4) [0x00007FFF99E3FA04]
[13] (FatalExit+0xa) [0x00007FFF978FC0EA]
[14] (exit+0x75) [0x00007FFF99D5A045]
[15] (initterm_e+0x21d) [0x00007FFF99D5A68D]
[16]  [0x00000000004014CD]
[17]  [0x000000000040151B]
[18] (BaseThreadInitThunk+0x14) [0x00007FFF978F2784]
[19] (RtlUserThreadStart+0x21) [0x00007FFF99E20C51]
Done
